<?xml version="1.0" encoding="UTF-8"?>
<!-- Generated by org.testng.reporters.JUnitReportReporter -->
<testsuite skipped="0" hostname="DESKTOP-S9AKGNU" name="rough.NewTest" tests="1" failures="0" timestamp="2022-01-25T23:40:03 EST" time="5.631" errors="0">
  <testcase name="f" time="5.631" classname="rough.NewTest"/>
  <system-out/>
</testsuite> <!-- rough.NewTest -->
